Step nSia nVac sinked annihilated
100000000 2 103 33 17
200000000 1 110 29 20
300000000 0 111 29 17
400000000 0 114 38 13
500000000 0 115 27 21
600000000 0 115 31 18
700000000 2 116 21 29
800000000 3 116 31 16
900000000 1 116 23 26
1000000000 0 116 25 20
1100000000 0 116 23 29
1200000000 1 117 26 16
1300000000 0 117 27 25
1400000000 0 117 21 24
1500000000 1 117 21 26
1600000000 0 117 16 37
1700000000 1 117 13 34
1800000000 0 117 21 34
1900000000 1 117 18 34
2000000000 0 117 15 38
2100000000 0 117 13 38
2200000000 0 117 19 23
2300000000 1 117 18 36
2400000000 0 117 17 36
2500000000 0 117 18 38
2600000000 0 117 18 34
2700000000 0 117 15 30
2800000000 1 117 17 39
2900000000 0 117 14 37
3000000000 0 117 24 36
3100000000 0 118 16 36
3200000000 0 118 18 34
3300000000 0 118 14 35
3400000000 0 118 19 30
3500000000 0 118 8 45
3600000000 0 118 15 37
3700000000 0 118 15 39
3800000000 0 118 11 41
3900000000 0 118 12 34
4000000000 2 118 10 34
4100000000 0 118 11 40
4200000000 0 118 13 37
4300000000 0 118 14 38
4400000000 0 118 12 33
4500000000 0 118 11 40
4600000000 0 118 17 28
4700000000 1 118 15 40
4800000000 0 118 14 34
4900000000 0 118 13 47
5000000000 0 118 10 40
5100000000 0 118 10 43
5200000000 0 118 13 33
5300000000 0 118 13 41
5400000000 0 118 14 41
5500000000 0 118 8 43
5600000000 0 118 12 34
5700000000 0 118 15 39
5800000000 0 118 17 36
5900000000 1 118 13 38
6000000000 0 118 5 36
6100000000 0 118 16 38
6200000000 0 118 9 50
6300000000 0 118 13 38
6400000000 0 118 10 41
6500000000 0 118 13 38
6600000000 0 118 7 38
6700000000 0 118 7 41
6800000000 0 118 11 37
6900000000 0 118 11 56
7000000000 0 118 8 36
7100000000 0 118 11 39
7200000000 1 118 13 29
7300000000 0 118 6 40
7400000000 0 118 13 33
7500000000 1 118 10 43
7600000000 0 118 12 47
7700000000 0 118 13 38
7800000000 0 118 8 41
7900000000 0 118 10 38
8000000000 1 118 12 35
8100000000 0 118 10 38
8200000000 0 118 9 43
8300000000 0 118 9 37
8400000000 0 118 10 43
8500000000 0 118 10 36
8600000000 0 118 9 39
8700000000 0 118 11 47
8800000000 0 118 7 37
8900000000 0 118 9 35
9000000000 0 118 8 39
9100000000 0 118 8 43
9200000000 0 118 12 50
9300000000 0 118 11 42
9400000000 0 118 6 38
9500000000 0 118 8 48
9600000000 2 118 8 44
9700000000 0 118 12 40
9800000000 0 118 11 47
9900000000 0 118 9 39
10000000000 0 118 3 39
10100000000 0 118 6 43
10200000000 0 118 7 49
10300000000 0 118 7 46
10400000000 0 118 6 43
10500000000 0 118 2 44
10600000000 1 118 8 55
10700000000 0 118 9 51
10800000000 0 118 9 45
10900000000 0 118 5 37
11000000000 0 118 8 41
11100000000 0 118 4 47
11200000000 0 118 8 46
11300000000 1 118 5 41
11400000000 0 118 9 40
11500000000 0 118 6 41
11600000000 0 118 9 51
11700000000 0 118 8 39
11800000000 0 118 8 37
11900000000 1 118 3 48
12000000000 0 118 6 46
12100000000 0 118 3 48
12200000000 0 118 6 45
12300000000 0 118 5 48
12400000000 1 118 3 41
12500000000 0 118 6 49
12600000000 0 118 8 58
12700000000 0 118 6 45
12800000000 0 118 7 39
12900000000 0 118 5 42
13000000000 0 118 4 36
13100000000 0 118 8 44
13200000000 0 118 4 41
13300000000 0 118 14 39
13400000000 0 118 9 34
13500000000 0 118 7 49
13600000000 0 118 7 42
13700000000 0 118 6 44
13800000000 0 118 6 47
13900000000 0 118 11 46
14000000000 0 118 4 49
14100000000 0 118 11 37
14200000000 0 118 9 40
14300000000 0 118 10 40
14400000000 0 118 3 47
14500000000 1 118 7 42
14600000000 0 118 5 44
14700000000 0 118 7 46
14800000000 1 118 9 37
14900000000 0 118 6 46
15000000000 0 118 4 38
15100000000 0 118 8 45
15200000000 1 118 6 47
15300000000 0 118 8 40
15400000000 1 118 5 49
15500000000 0 118 7 47
15600000000 0 118 9 37
15700000000 0 118 6 41
15800000000 0 118 10 42
15900000000 0 118 7 39
16000000000 0 118 4 42
16100000000 0 118 3 37
16200000000 0 118 6 41
16300000000 0 118 10 41
16400000000 0 118 4 46
16500000000 1 118 6 43
16600000000 0 118 8 48
16700000000 0 118 6 47
16800000000 0 118 11 45
16900000000 0 118 8 39
17000000000 0 118 7 50
17100000000 0 118 7 37
17200000000 0 118 2 45
17300000000 0 118 9 44
17400000000 0 118 5 43
17500000000 0 118 6 38
17600000000 0 118 4 34
17700000000 1 118 8 41
17800000000 0 118 7 38
17900000000 0 118 16 42
18000000000 0 118 4 39
18100000000 0 118 7 51
18200000000 0 118 6 43
18300000000 0 118 12 44
18400000000 0 118 6 51
18500000000 0 118 7 40
18600000000 0 118 6 48
18700000000 0 118 8 40
18800000000 0 118 5 39
18900000000 0 118 7 47
19000000000 0 118 3 37
19100000000 0 118 7 38
19200000000 0 118 5 41
19300000000 0 118 4 42
19400000000 0 118 4 35
19500000000 0 118 5 50
19600000000 0 118 8 45
19700000000 0 118 4 36
19800000000 0 118 13 40
19900000000 0 118 5 42
20000000000 0 118 8 44
20100000000 0 118 4 48
20200000000 0 118 10 42
20300000000 0 118 7 47
20400000000 0 118 6 40
20500000000 0 118 6 51
20600000000 0 118 5 54
20700000000 0 118 7 40
20800000000 0 118 5 46
20900000000 0 118 7 49
21000000000 0 118 4 44
21100000000 1 118 4 58
21200000000 0 118 4 43
21300000000 0 118 9 38
21400000000 0 118 8 45
21500000000 0 118 3 38
21600000000 0 118 7 50
21700000000 0 118 10 39
21800000000 0 118 12 44
21900000000 0 118 5 43
22000000000 1 118 3 47
22100000000 0 118 3 40
22200000000 0 118 3 59
22300000000 1 118 5 38
22400000000 0 118 2 44
22500000000 0 118 4 42
22600000000 0 118 4 47
22700000000 0 118 2 47
22800000000 0 118 7 41
22900000000 0 118 6 46
23000000000 0 118 10 45
23100000000 0 118 3 41
23200000000 0 118 7 50
23300000000 0 118 4 48
23400000000 0 118 6 45
23500000000 0 118 4 43
23600000000 0 118 4 38
23700000000 0 118 5 51
23800000000 0 118 8 43
23900000000 0 118 4 46
24000000000 0 118 3 54
24100000000 0 118 6 36
24200000000 0 118 8 45
24300000000 0 118 3 45
24400000000 0 118 6 51
24500000000 0 118 4 49
24600000000 0 118 11 38
24700000000 0 118 6 45
24800000000 0 118 4 39
24900000000 0 118 3 48
25000000000 0 118 2 43
25100000000 0 118 3 51
25200000000 0 118 6 43
25300000000 0 118 10 36
25400000000 0 118 4 42
25500000000 0 118 7 43
25600000000 0 118 1 35
25700000000 0 118 6 47
25800000000 0 118 5 50
25900000000 0 118 5 55
26000000000 0 118 7 42
26100000000 0 118 5 53
26200000000 1 118 5 46
26300000000 0 118 4 50
26400000000 0 118 3 38
26500000000 0 118 2 37
26600000000 0 118 6 47
26700000000 0 118 3 56
26800000000 0 118 6 47
26900000000 0 118 2 47
27000000000 0 118 4 49
27100000000 0 118 4 51
27200000000 0 118 5 46
27300000000 0 118 5 45
27400000000 0 118 3 51
27500000000 1 118 3 41
27600000000 0 118 6 50
27700000000 0 118 6 45
27800000000 0 118 8 42
27900000000 0 118 6 49
28000000000 0 118 3 44
28100000000 0 118 4 45
28200000000 0 118 5 46
28300000000 0 118 6 45
28400000000 0 118 4 50
28500000000 0 118 4 52
28600000000 0 118 2 54
28700000000 0 118 6 45
28800000000 0 118 4 41
28900000000 0 118 2 52
29000000000 0 118 3 55
29100000000 0 118 2 50
29200000000 0 118 3 57
29300000000 0 118 2 41
29400000000 0 118 7 45
29500000000 0 118 8 42
29600000000 0 118 3 40
29700000000 0 118 2 46
29800000000 0 118 5 43
29900000000 0 118 3 55
30000000000 0 118 6 40
30100000000 0 118 5 46
30200000000 0 118 5 46
30300000000 0 118 4 55
30400000000 0 118 3 46
30500000000 0 118 4 43
30600000000 0 118 4 48
30700000000 0 118 4 46
30800000000 0 118 4 41
30900000000 0 118 3 47
31000000000 0 118 3 42
31100000000 0 118 1 37
31200000000 1 118 7 47
31300000000 0 118 4 45
31400000000 0 118 5 51
31500000000 0 118 7 49
31600000000 0 118 6 48
31700000000 0 118 4 44
31800000000 0 118 2 45
31900000000 0 118 5 29
32000000000 0 118 7 42
32100000000 0 118 8 49
32200000000 0 118 10 41
32300000000 0 118 2 48
32400000000 0 118 8 49
32500000000 0 118 1 47
32600000000 0 118 3 48
32700000000 0 118 7 50
32800000000 0 118 1 49
32900000000 0 118 1 37
33000000000 0 118 6 40
33100000000 0 118 9 41
33200000000 0 118 4 44
33300000000 0 118 3 50
33400000000 0 118 4 43
33500000000 0 118 3 54
33600000000 0 118 7 46
33700000000 0 118 1 47
33800000000 0 118 0 41
33900000000 0 118 6 48
34000000000 0 118 4 49
34100000000 0 118 5 45
34200000000 0 118 3 44
34300000000 0 118 4 44
34400000000 0 118 4 45
34500000000 0 118 2 50
34600000000 0 118 7 43
34700000000 0 118 4 43
34800000000 0 118 4 40
34900000000 0 118 5 50
35000000000 0 118 4 47
35100000000 0 118 3 46
35200000000 0 118 2 42
35300000000 0 118 2 47
35400000000 0 118 6 41
35500000000 0 118 2 51
35600000000 0 118 4 39
35700000000 0 118 6 52
35800000000 0 118 2 56
35900000000 0 118 5 49
36000000000 1 118 3 43
36100000000 0 118 2 48
36200000000 0 118 2 52
36300000000 0 118 5 49
36400000000 0 118 5 53
36500000000 0 118 6 46
36600000000 0 118 4 47
36700000000 0 118 2 53
36800000000 0 118 5 41
36900000000 0 118 2 49
37000000000 0 118 2 40
37100000000 0 118 5 53
37200000000 0 118 2 51
37300000000 0 118 4 44
37400000000 0 118 3 44
37500000000 0 118 5 44
37600000000 0 118 3 45
37700000000 0 118 2 50
37800000000 0 118 2 42
37900000000 0 118 7 49
38000000000 0 118 7 43
38100000000 0 118 3 46
38200000000 0 118 2 53
38300000000 0 118 2 46
38400000000 0 118 8 43
38500000000 0 118 2 60
38600000000 0 118 0 48
38700000000 0 118 0 52
38800000000 0 118 4 50
38900000000 0 118 5 49
39000000000 0 118 3 51
39100000000 0 118 3 45
39200000000 0 118 6 45
39300000000 0 118 3 45
39400000000 0 118 3 48
39500000000 0 118 4 46
39600000000 0 118 4 50
39700000000 0 118 3 48
39800000000 0 118 3 37
39900000000 0 118 3 45
40000000000 0 118 2 50
40100000000 0 118 5 45
40200000000 1 118 2 36
40300000000 0 118 3 50
40400000000 0 118 0 52
40500000000 1 118 3 49
40600000000 0 118 4 46
40700000000 0 118 5 43
40800000000 0 118 3 44
40900000000 0 118 2 42
41000000000 0 118 2 43
41100000000 0 118 3 49
41200000000 0 118 2 49
41300000000 0 118 4 54
41400000000 0 118 5 43
41500000000 0 118 7 47
41600000000 0 118 4 49
41700000000 0 118 3 51
41800000000 0 118 1 41
41900000000 0 118 3 32
42000000000 0 118 7 44
42100000000 0 118 6 45
42200000000 0 118 6 44
42300000000 0 118 4 47
42400000000 0 118 4 42
42500000000 0 118 5 46
42600000000 0 118 1 46
42700000000 0 118 4 44
42800000000 0 118 4 43
42900000000 0 118 2 54
43000000000 0 118 3 50
43100000000 0 118 6 43
43200000000 0 118 3 47
43300000000 0 118 2 51
43400000000 0 118 4 39
43500000000 0 118 2 47
43600000000 0 118 3 47
43700000000 0 118 2 41
43800000000 0 118 5 50
43900000000 0 118 7 48
44000000000 0 118 2 43
44100000000 0 118 2 44
44200000000 0 118 4 52
44300000000 0 118 6 54
44400000000 0 118 2 44
44500000000 0 118 4 43
44600000000 0 118 2 56
44700000000 0 118 4 48
44800000000 0 118 4 53
44900000000 0 118 5 49
45000000000 0 118 2 47
45100000000 0 118 4 46
45200000000 0 118 2 51
45300000000 0 118 6 44
45400000000 0 118 1 54
45500000000 0 118 2 48
45600000000 0 118 0 50
45700000000 0 118 3 49
45800000000 0 118 0 52
45900000000 0 118 3 49
46000000000 1 118 2 40
46100000000 1 118 3 43
46200000000 0 118 2 53
46300000000 0 118 1 38
46400000000 0 118 2 53
46500000000 0 118 0 54
46600000000 0 118 8 45
46700000000 0 118 4 35
46800000000 0 118 1 48
46900000000 0 118 3 45
47000000000 0 118 2 48
47100000000 0 118 3 44
47200000000 0 118 0 48
47300000000 0 118 7 39
47400000000 0 118 2 49
47500000000 0 118 4 55
47600000000 0 118 5 49
47700000000 0 118 5 50
47800000000 0 118 1 61
47900000000 0 118 1 48
48000000000 0 118 2 47
48100000000 0 118 4 54
48200000000 0 118 1 49
48300000000 0 118 1 48
48400000000 0 118 3 45
48500000000 0 118 2 49
48600000000 0 118 1 51
48700000000 0 118 5 51
48800000000 0 118 6 51
48900000000 0 118 7 51
49000000000 0 118 2 50
49100000000 0 118 5 46
49200000000 0 118 1 46
49300000000 0 118 3 49
49400000000 0 118 3 50
49500000000 0 118 2 54
49600000000 0 118 3 43
49700000000 0 118 4 47
49800000000 0 118 4 54
49900000000 0 118 4 46
50000000000 0 118 4 47
50100000000 0 118 4 51
50200000000 0 118 3 42
50300000000 0 118 4 49
50400000000 0 118 2 51
50500000000 0 118 1 57
50600000000 0 118 3 51
50700000000 0 118 6 40
50800000000 0 118 4 50
50900000000 0 118 3 55
51000000000 0 118 3 47
51100000000 0 118 5 46
51200000000 0 118 3 40
51300000000 0 118 4 51
51400000000 0 118 5 45
51500000000 0 118 6 51
51600000000 0 118 1 46
51700000000 0 118 7 50
51800000000 0 118 2 49
51900000000 0 118 2 52
52000000000 0 118 3 55
52100000000 0 118 4 46
52200000000 0 118 3 55
52300000000 0 118 2 37
52400000000 0 118 1 45
52500000000 0 118 3 49
52600000000 0 118 4 55
52700000000 0 118 3 46
52800000000 0 118 2 46
52900000000 0 118 3 51
53000000000 0 118 3 41
53100000000 0 118 3 46
53200000000 0 118 2 49
53300000000 0 118 3 55
53400000000 0 118 3 41
53500000000 0 118 1 46
53600000000 0 118 1 49
53700000000 0 118 1 59
53800000000 0 118 3 43
53900000000 0 118 2 50
54000000000 0 118 3 46
54100000000 0 118 5 54
54200000000 1 118 3 39
54300000000 0 118 3 43
54400000000 0 118 5 50
54500000000 0 118 1 46
54600000000 0 118 1 45
54700000000 0 118 1 49
54800000000 0 118 7 46
54900000000 0 118 2 47
55000000000 0 118 3 50
55100000000 1 118 2 47
55200000000 0 118 0 42
55300000000 0 118 2 51
55400000000 0 118 5 56
55500000000 0 118 2 52
55600000000 0 118 4 55
55700000000 0 118 5 45
55800000000 0 118 4 42
55900000000 0 118 3 42
56000000000 0 118 3 43
56100000000 0 118 3 46
56200000000 0 118 2 47
56300000000 0 118 2 40
56400000000 0 118 1 44
56500000000 0 118 2 49
56600000000 0 118 3 46
56700000000 0 118 3 42
56800000000 0 118 3 39
56900000000 0 118 2 43
57000000000 0 118 1 46
57100000000 0 118 4 52
57200000000 0 118 1 48
57300000000 0 118 2 47
57400000000 0 118 3 40
57500000000 0 118 1 57
57600000000 0 118 4 41
57700000000 0 118 6 47
57800000000 0 118 3 42
57900000000 0 118 3 52
58000000000 0 118 1 50
58100000000 0 118 3 49
58200000000 0 118 9 54
58300000000 0 118 1 54
58400000000 0 118 2 40
58500000000 0 118 0 50
58600000000 0 118 4 54
58700000000 0 118 2 47
58800000000 0 118 2 54
58900000000 0 118 2 52
59000000000 0 118 2 51
59100000000 0 118 0 41
59200000000 0 118 2 42
59300000000 0 118 4 48
59400000000 0 118 1 47
59500000000 0 118 3 41
59600000000 0 118 3 41
59700000000 0 118 4 47
59800000000 0 118 5 48
59900000000 0 118 1 39
60000000000 0 118 3 50
60100000000 0 118 5 44
60200000000 0 118 3 39
60300000000 1 118 5 47
60400000000 0 118 2 42
60500000000 0 118 1 45
60600000000 0 118 2 40
60700000000 0 118 4 45
60800000000 0 118 2 40
60900000000 0 118 7 37
61000000000 0 118 0 45
61100000000 0 118 4 52
61200000000 0 118 2 40
61300000000 0 118 3 56
61400000000 0 118 2 44
61500000000 0 118 2 45
61600000000 0 118 2 53
61700000000 0 118 2 53
61800000000 0 118 2 48
61900000000 0 118 3 43
62000000000 0 118 3 40
62100000000 0 118 5 40
62200000000 0 118 1 46
62300000000 0 118 2 51
62400000000 0 118 7 49
62500000000 0 118 2 48
62600000000 0 118 2 52
62700000000 0 118 2 50
62800000000 0 118 3 47
62900000000 0 118 1 41
63000000000 0 118 4 43
63100000000 0 118 4 55
63200000000 0 118 2 42
63300000000 1 118 3 52
63400000000 0 118 1 51
63500000000 0 118 3 51
63600000000 0 118 0 38
63700000000 0 118 3 44
63800000000 0 118 2 53
63900000000 0 118 2 48
64000000000 0 118 3 44
64100000000 0 118 5 50
64200000000 0 118 2 39
64300000000 0 118 4 44
64400000000 0 118 2 53
64500000000 0 118 5 52
64600000000 0 118 0 47
64700000000 0 118 3 44
64800000000 0 118 5 51
64900000000 0 118 1 54
65000000000 0 118 0 44
65100000000 0 118 2 48
65200000000 0 118 1 46
65300000000 0 118 5 46
65400000000 0 118 2 56
65500000000 0 118 5 45
65600000000 0 118 4 54
65700000000 0 118 2 50
65800000000 0 118 0 59
65900000000 0 118 5 41
66000000000 0 118 2 46
66100000000 0 118 3 38
66200000000 0 118 2 51
66300000000 0 118 1 52
66400000000 0 118 2 51
66500000000 0 118 5 56
66600000000 0 118 3 50
66700000000 0 118 3 41
66800000000 0 118 4 53
66900000000 0 118 3 53
67000000000 0 118 5 54
67100000000 0 118 3 49
67200000000 0 118 2 49
67300000000 0 118 4 47
67400000000 0 118 3 54
67500000000 0 118 4 61
67600000000 0 118 2 52
67700000000 0 118 1 46
67800000000 0 118 2 49
67900000000 0 118 3 50
68000000000 0 118 1 47
68100000000 0 118 3 40
68200000000 0 118 2 54
68300000000 0 118 3 49
68400000000 0 118 4 44
68500000000 0 118 2 48
68600000000 0 118 7 39
68700000000 0 118 4 50
68800000000 0 118 2 48
68900000000 0 118 0 46
69000000000 0 118 1 49
69100000000 0 118 2 48
69200000000 0 118 3 48
69300000000 0 118 1 50
69400000000 0 118 1 51
69500000000 0 118 4 45
69600000000 0 118 1 37
69700000000 0 118 3 46
69800000000 0 118 6 41
69900000000 0 118 3 53
70000000000 0 118 2 42
70100000000 0 118 1 48
70200000000 0 118 6 39
70300000000 0 118 2 52
70400000000 0 118 1 53
70500000000 0 118 5 51
70600000000 0 118 3 53
70700000000 0 118 5 54
70800000000 0 118 3 49
70900000000 0 118 1 45
71000000000 0 118 6 47
71100000000 0 118 3 44
71200000000 0 118 2 53
71300000000 0 118 5 47
71400000000 0 118 4 55
71500000000 0 118 1 49
71600000000 0 118 7 46
71700000000 0 118 5 42
71800000000 0 118 4 41
71900000000 0 118 0 45
72000000000 0 118 2 51
72100000000 0 118 1 42
72200000000 0 118 1 53
72300000000 0 118 1 42
72400000000 0 118 3 47
72500000000 0 118 3 58
72600000000 0 118 3 43
72700000000 0 118 0 50
72800000000 0 118 1 50
72900000000 0 118 5 48
73000000000 0 118 2 47
73100000000 0 118 1 50
73200000000 0 118 6 50
73300000000 0 118 1 54
73400000000 0 118 2 47
73500000000 0 118 5 41
73600000000 0 118 4 48
73700000000 0 118 3 46
73800000000 0 118 4 41
73900000000 0 117 4 35
74000000000 0 117 0 54
74100000000 0 117 2 39
74200000000 0 117 1 49
74300000000 0 117 2 50
74400000000 0 117 3 50
74500000000 0 117 3 47
74600000000 0 117 0 41
74700000000 0 117 1 43
74800000000 0 117 2 41
74900000000 0 117 4 49
75000000000 0 117 3 47
75100000000 0 117 3 45
75200000000 0 117 2 54
75300000000 0 117 4 45
75400000000 0 117 3 50
75500000000 0 117 2 44
75600000000 0 117 4 47
75700000000 0 117 1 41
75800000000 0 117 3 50
75900000000 0 117 1 56
76000000000 0 117 0 49
76100000000 0 117 4 48
76200000000 0 117 3 44
76300000000 0 117 3 46
76400000000 0 117 2 47
76500000000 0 117 4 40
76600000000 0 117 4 44
76700000000 0 117 2 46
76800000000 0 117 0 56
76900000000 0 117 2 47
77000000000 0 117 0 55
77100000000 0 117 1 49
77200000000 0 117 2 48
77300000000 0 117 1 43
77400000000 0 117 4 47
77500000000 0 117 1 43
77600000000 0 117 1 55
77700000000 0 117 2 51
77800000000 0 117 0 51
77900000000 0 117 1 44
78000000000 0 117 2 52
78100000000 0 117 3 46
78200000000 0 117 2 47
78300000000 0 117 3 52
78400000000 0 117 4 48
78500000000 0 117 0 47
78600000000 0 117 6 46
78700000000 0 117 6 34
78800000000 0 117 2 61
78900000000 1 117 5 48
79000000000 0 117 4 45
79100000000 0 117 7 60
79200000000 0 117 2 57
79300000000 0 117 2 38
79400000000 0 117 0 53
79500000000 0 117 3 42
79600000000 0 117 2 55
79700000000 0 117 3 48
79800000000 0 117 1 44
79900000000 0 117 2 43
80000000000 0 117 1 52
80100000000 0 117 0 66
80200000000 0 117 2 44
80300000000 0 117 2 48
80400000000 0 117 1 47
80500000000 0 117 4 44
80600000000 0 117 2 47
80700000000 0 117 1 53
80800000000 0 117 2 43
80900000000 0 117 3 54
81000000000 0 117 1 44
81100000000 0 117 2 48
81200000000 0 117 3 48
81300000000 0 117 3 44
81400000000 0 117 0 43
81500000000 0 117 3 55
81600000000 0 117 4 54
81700000000 0 117 2 46
81800000000 0 117 2 44
81900000000 0 117 3 46
82000000000 0 117 3 46
82100000000 0 117 1 57
82200000000 0 117 3 36
82300000000 0 117 6 57
82400000000 0 117 2 45
82500000000 0 117 2 44
82600000000 0 117 1 51
82700000000 0 117 4 53
82800000000 0 117 2 47
82900000000 0 117 0 57
83000000000 0 117 1 45
83100000000 0 117 3 46
83200000000 0 117 2 49
83300000000 0 117 3 39
83400000000 0 117 0 49
83500000000 0 117 3 51
83600000000 0 117 4 41
83700000000 0 117 2 41
83800000000 0 117 4 51
83900000000 0 117 6 41
84000000000 0 117 1 58
84100000000 0 117 0 49
84200000000 0 117 1 52
84300000000 0 117 3 48
84400000000 0 117 4 45
84500000000 0 117 2 52
84600000000 0 117 1 42
84700000000 0 117 1 57
84800000000 0 117 0 49
84900000000 0 117 2 44
85000000000 0 117 2 48
85100000000 0 117 2 48
85200000000 0 117 1 53
85300000000 0 117 2 40
85400000000 0 117 2 56
85500000000 0 117 1 48
85600000000 0 117 3 46
85700000000 0 117 2 49
85800000000 0 117 0 44
85900000000 0 117 5 56
86000000000 0 117 2 46
86100000000 0 117 1 52
86200000000 0 117 2 50
86300000000 0 117 1 51
86400000000 0 117 3 47
86500000000 0 117 0 48
86600000000 0 117 5 48
